<?xml version="1.0" encoding="utf-8"?>
<shfbBuild product="Sandcastle Help File Builder Utilities" version="1.8.0.3" projectFile="D:\dev\misc\morse\cwbot\morse\doc\MorseDoc.shfbproj" started="3/2/2010 12:22:54 PM">
<buildStep step="Initializing">
</buildStep>
<buildStep step="FindingTools">
Finding tools...
Found Sandcastle tools in 'C:\Program Files (x86)\Sandcastle\'
Searching for HTML Help 1 compiler...
Found HTML Help 1 compiler in 'C:\Program Files (x86)\HTML Help Workshop\'
</buildStep>
<buildStep step="ValidatingDocumentationSources">
Validating and copying documentation source information
Source: D:\dev\misc\morse\cwbot\morse\morse.csproj
    Found project 'D:\dev\misc\morse\cwbot\morse\morse.csproj'

Parsing project files
    Found assembly 'D:\dev\misc\morse\cwbot\morse\bin\Debug\DC3.MorseEncode.dll'

References to use:
    System

Copying XML comments files
    D:\dev\misc\morse\cwbot\morse\bin\Debug\DC3.MorseEncode.xml -&gt; D:\dev\misc\morse\cwbot\morse\doc\Help\Working\DC3.MorseEncode.xml
</buildStep>
<buildStep step="GenerateSharedContent">
Generating shared content files (en-US, English (United States))...
    Last step completed in 00:00:00.5938
</buildStep>
<buildStep step="GenerateApiFilter">
Generating API filter for MRefBuilder...
    Last step completed in 00:00:00.0313
</buildStep>
<buildStep step="GenerateReflectionInfo">
Generating reflection information...
[c:\WINDOWS\Microsoft.NET\Framework64\v3.5\MSBuild.exe]
GenerateRefInfo:
  MrefBuilder (v2.4.10520.1)
  Copyright c Microsoft 2006
  Info: Loaded 1 assemblies for reflection and 1 dependency assemblies.
  Info: Wrote information on 1 namespaces, 2 types, and 7 members
  XslTransform (v2.4.10520.1)
  Copyright c Microsoft 2005-2006
  Info: Applying XSL transformation 'C:\Program Files (x86)\Sandcastle\ProductionTransforms\MergeDuplicates.xsl'.
    Last step completed in 00:00:03.4844
</buildStep>
<buildStep step="GenerateNamespaceSummaries">
Generating namespace summary information...
    Last step completed in 00:00:00.0313
</buildStep>
<buildStep step="ApplyVisibilityProperties">
Applying visibility properties to reflection information file
    0 attribute nodes removed
    0 explicit interface implementations removed
    0 local and base class EII elements removed
    Last step completed in 00:00:00.0313
</buildStep>
<buildStep step="TransformReflectionInfo">
Transforming reflection output...
[c:\WINDOWS\Microsoft.NET\Framework64\v3.5\MSBuild.exe]
TransformManifest:
  XslTransform (v2.4.10520.1)
  Copyright c Microsoft 2005-2006
  Info: Applying XSL transformation 'C:\Program Files (x86)\Sandcastle\ProductionTransforms\ApplyVSDocModel.xsl'.
  Info: Applying XSL transformation 'C:\Program Files (x86)\Sandcastle\ProductionTransforms\AddGuidFilenames.xsl'.
  XslTransform (v2.4.10520.1)
  Copyright c Microsoft 2005-2006
  Info: Applying XSL transformation 'C:\Program Files (x86)\Sandcastle\ProductionTransforms\ReflectionToManifest.xsl'.
    Last step completed in 00:00:02.3125
</buildStep>
<buildStep step="ModifyHelpTopicFilenames">
Modifying help topic filenames in reflection information file
    No changes required
    Last step completed in 00:00:00.0000
</buildStep>
<buildStep step="CopyStandardContent">
Copying standard help content...
C:\Program Files (x86)\Sandcastle\Presentation\vs2005\icons\adm.gif -&gt; D:\dev\misc\morse\cwbot\morse\doc\Help\Working\Output\icons\adm.gif
C:\Program Files (x86)\Sandcastle\Presentation\vs2005\icons\adm_arch.gif -&gt; D:\dev\misc\morse\cwbot\morse\doc\Help\Working\Output\icons\adm_arch.gif
C:\Program Files (x86)\Sandcastle\Presentation\vs2005\icons\adm_dev.gif -&gt; D:\dev\misc\morse\cwbot\morse\doc\Help\Working\Output\icons\adm_dev.gif
C:\Program Files (x86)\Sandcastle\Presentation\vs2005\icons\adm_dev_arch.gif -&gt; D:\dev\misc\morse\cwbot\morse\doc\Help\Working\Output\icons\adm_dev_arch.gif
C:\Program Files (x86)\Sandcastle\Presentation\vs2005\icons\alert_caution.gif -&gt; D:\dev\misc\morse\cwbot\morse\doc\Help\Working\Output\icons\alert_caution.gif
C:\Program Files (x86)\Sandcastle\Presentation\vs2005\icons\alert_note.gif -&gt; D:\dev\misc\morse\cwbot\morse\doc\Help\Working\Output\icons\alert_note.gif
C:\Program Files (x86)\Sandcastle\Presentation\vs2005\icons\alert_security.gif -&gt; D:\dev\misc\morse\cwbot\morse\doc\Help\Working\Output\icons\alert_security.gif
C:\Program Files (x86)\Sandcastle\Presentation\vs2005\icons\arch.gif -&gt; D:\dev\misc\morse\cwbot\morse\doc\Help\Working\Output\icons\arch.gif
C:\Program Files (x86)\Sandcastle\Presentation\vs2005\icons\big_adm.gif -&gt; D:\dev\misc\morse\cwbot\morse\doc\Help\Working\Output\icons\big_adm.gif
C:\Program Files (x86)\Sandcastle\Presentation\vs2005\icons\big_arch.gif -&gt; D:\dev\misc\morse\cwbot\morse\doc\Help\Working\Output\icons\big_arch.gif
C:\Program Files (x86)\Sandcastle\Presentation\vs2005\icons\big_dev.gif -&gt; D:\dev\misc\morse\cwbot\morse\doc\Help\Working\Output\icons\big_dev.gif
C:\Program Files (x86)\Sandcastle\Presentation\vs2005\icons\big_kw.gif -&gt; D:\dev\misc\morse\cwbot\morse\doc\Help\Working\Output\icons\big_kw.gif
C:\Program Files (x86)\Sandcastle\Presentation\vs2005\icons\box.gif -&gt; D:\dev\misc\morse\cwbot\morse\doc\Help\Working\Output\icons\box.gif
C:\Program Files (x86)\Sandcastle\Presentation\vs2005\icons\Caution.gif -&gt; D:\dev\misc\morse\cwbot\morse\doc\Help\Working\Output\icons\Caution.gif
C:\Program Files (x86)\Sandcastle\Presentation\vs2005\icons\CFW.gif -&gt; D:\dev\misc\morse\cwbot\morse\doc\Help\Working\Output\icons\CFW.gif
C:\Program Files (x86)\Sandcastle\Presentation\vs2005\icons\collall.gif -&gt; D:\dev\misc\morse\cwbot\morse\doc\Help\Working\Output\icons\collall.gif
C:\Program Files (x86)\Sandcastle\Presentation\vs2005\icons\collapse.gif -&gt; D:\dev\misc\morse\cwbot\morse\doc\Help\Working\Output\icons\collapse.gif
C:\Program Files (x86)\Sandcastle\Presentation\vs2005\icons\collapse_all.gif -&gt; D:\dev\misc\morse\cwbot\morse\doc\Help\Working\Output\icons\collapse_all.gif
C:\Program Files (x86)\Sandcastle\Presentation\vs2005\icons\copycode.gif -&gt; D:\dev\misc\morse\cwbot\morse\doc\Help\Working\Output\icons\copycode.gif
C:\Program Files (x86)\Sandcastle\Presentation\vs2005\icons\copycodeHighlight.gif -&gt; D:\dev\misc\morse\cwbot\morse\doc\Help\Working\Output\icons\copycodeHighlight.gif
C:\Program Files (x86)\Sandcastle\Presentation\vs2005\icons\dev.gif -&gt; D:\dev\misc\morse\cwbot\morse\doc\Help\Working\Output\icons\dev.gif
C:\Program Files (x86)\Sandcastle\Presentation\vs2005\icons\dev_arch.gif -&gt; D:\dev\misc\morse\cwbot\morse\doc\Help\Working\Output\icons\dev_arch.gif
C:\Program Files (x86)\Sandcastle\Presentation\vs2005\icons\dropdown.gif -&gt; D:\dev\misc\morse\cwbot\morse\doc\Help\Working\Output\icons\dropdown.gif
C:\Program Files (x86)\Sandcastle\Presentation\vs2005\icons\dropdownHover.gif -&gt; D:\dev\misc\morse\cwbot\morse\doc\Help\Working\Output\icons\dropdownHover.gif
C:\Program Files (x86)\Sandcastle\Presentation\vs2005\icons\drpdown.gif -&gt; D:\dev\misc\morse\cwbot\morse\doc\Help\Working\Output\icons\drpdown.gif
C:\Program Files (x86)\Sandcastle\Presentation\vs2005\icons\drpdown_orange.gif -&gt; D:\dev\misc\morse\cwbot\morse\doc\Help\Working\Output\icons\drpdown_orange.gif
C:\Program Files (x86)\Sandcastle\Presentation\vs2005\icons\drpdown_orange_up.gif -&gt; D:\dev\misc\morse\cwbot\morse\doc\Help\Working\Output\icons\drpdown_orange_up.gif
C:\Program Files (x86)\Sandcastle\Presentation\vs2005\icons\drpup.gif -&gt; D:\dev\misc\morse\cwbot\morse\doc\Help\Working\Output\icons\drpup.gif
C:\Program Files (x86)\Sandcastle\Presentation\vs2005\icons\exp.gif -&gt; D:\dev\misc\morse\cwbot\morse\doc\Help\Working\Output\icons\exp.gif
C:\Program Files (x86)\Sandcastle\Presentation\vs2005\icons\expall.gif -&gt; D:\dev\misc\morse\cwbot\morse\doc\Help\Working\Output\icons\expall.gif
C:\Program Files (x86)\Sandcastle\Presentation\vs2005\icons\expand_all.gif -&gt; D:\dev\misc\morse\cwbot\morse\doc\Help\Working\Output\icons\expand_all.gif
C:\Program Files (x86)\Sandcastle\Presentation\vs2005\icons\filter1a.gif -&gt; D:\dev\misc\morse\cwbot\morse\doc\Help\Working\Output\icons\filter1a.gif
C:\Program Files (x86)\Sandcastle\Presentation\vs2005\icons\filter1c.gif -&gt; D:\dev\misc\morse\cwbot\morse\doc\Help\Working\Output\icons\filter1c.gif
C:\Program Files (x86)\Sandcastle\Presentation\vs2005\icons\footer.gif -&gt; D:\dev\misc\morse\cwbot\morse\doc\Help\Working\Output\icons\footer.gif
C:\Program Files (x86)\Sandcastle\Presentation\vs2005\icons\gradient.gif -&gt; D:\dev\misc\morse\cwbot\morse\doc\Help\Working\Output\icons\gradient.gif
C:\Program Files (x86)\Sandcastle\Presentation\vs2005\icons\greencheck.gif -&gt; D:\dev\misc\morse\cwbot\morse\doc\Help\Working\Output\icons\greencheck.gif
C:\Program Files (x86)\Sandcastle\Presentation\vs2005\icons\greychck.gif -&gt; D:\dev\misc\morse\cwbot\morse\doc\Help\Working\Output\icons\greychck.gif
C:\Program Files (x86)\Sandcastle\Presentation\vs2005\icons\header_prev_next.jpg -&gt; D:\dev\misc\morse\cwbot\morse\doc\Help\Working\Output\icons\header_prev_next.jpg
C:\Program Files (x86)\Sandcastle\Presentation\vs2005\icons\header_sql_tutorial_blank.jpg -&gt; D:\dev\misc\morse\cwbot\morse\doc\Help\Working\Output\icons\header_sql_tutorial_blank.jpg
C:\Program Files (x86)\Sandcastle\Presentation\vs2005\icons\header_sql_tutorial_logo.GIF -&gt; D:\dev\misc\morse\cwbot\morse\doc\Help\Working\Output\icons\header_sql_tutorial_logo.GIF
C:\Program Files (x86)\Sandcastle\Presentation\vs2005\icons\kw.gif -&gt; D:\dev\misc\morse\cwbot\morse\doc\Help\Working\Output\icons\kw.gif
C:\Program Files (x86)\Sandcastle\Presentation\vs2005\icons\kw_adm.gif -&gt; D:\dev\misc\morse\cwbot\morse\doc\Help\Working\Output\icons\kw_adm.gif
C:\Program Files (x86)\Sandcastle\Presentation\vs2005\icons\kw_adm_arch.gif -&gt; D:\dev\misc\morse\cwbot\morse\doc\Help\Working\Output\icons\kw_adm_arch.gif
C:\Program Files (x86)\Sandcastle\Presentation\vs2005\icons\kw_adm_dev.gif -&gt; D:\dev\misc\morse\cwbot\morse\doc\Help\Working\Output\icons\kw_adm_dev.gif
C:\Program Files (x86)\Sandcastle\Presentation\vs2005\icons\kw_adm_dev_arch.gif -&gt; D:\dev\misc\morse\cwbot\morse\doc\Help\Working\Output\icons\kw_adm_dev_arch.gif
C:\Program Files (x86)\Sandcastle\Presentation\vs2005\icons\kw_arch.gif -&gt; D:\dev\misc\morse\cwbot\morse\doc\Help\Working\Output\icons\kw_arch.gif
C:\Program Files (x86)\Sandcastle\Presentation\vs2005\icons\kw_dev.gif -&gt; D:\dev\misc\morse\cwbot\morse\doc\Help\Working\Output\icons\kw_dev.gif
C:\Program Files (x86)\Sandcastle\Presentation\vs2005\icons\kw_dev_arch.gif -&gt; D:\dev\misc\morse\cwbot\morse\doc\Help\Working\Output\icons\kw_dev_arch.gif
C:\Program Files (x86)\Sandcastle\Presentation\vs2005\icons\LastChild.gif -&gt; D:\dev\misc\morse\cwbot\morse\doc\Help\Working\Output\icons\LastChild.gif
C:\Program Files (x86)\Sandcastle\Presentation\vs2005\icons\load.gif -&gt; D:\dev\misc\morse\cwbot\morse\doc\Help\Working\Output\icons\load.gif
C:\Program Files (x86)\Sandcastle\Presentation\vs2005\icons\load_hover.gif -&gt; D:\dev\misc\morse\cwbot\morse\doc\Help\Working\Output\icons\load_hover.gif
C:\Program Files (x86)\Sandcastle\Presentation\vs2005\icons\note.gif -&gt; D:\dev\misc\morse\cwbot\morse\doc\Help\Working\Output\icons\note.gif
C:\Program Files (x86)\Sandcastle\Presentation\vs2005\icons\pencil.GIF -&gt; D:\dev\misc\morse\cwbot\morse\doc\Help\Working\Output\icons\pencil.GIF
C:\Program Files (x86)\Sandcastle\Presentation\vs2005\icons\privclass.gif -&gt; D:\dev\misc\morse\cwbot\morse\doc\Help\Working\Output\icons\privclass.gif
C:\Program Files (x86)\Sandcastle\Presentation\vs2005\icons\privdelegate.gif -&gt; D:\dev\misc\morse\cwbot\morse\doc\Help\Working\Output\icons\privdelegate.gif
C:\Program Files (x86)\Sandcastle\Presentation\vs2005\icons\privenum.gif -&gt; D:\dev\misc\morse\cwbot\morse\doc\Help\Working\Output\icons\privenum.gif
C:\Program Files (x86)\Sandcastle\Presentation\vs2005\icons\privenumeration.gif -&gt; D:\dev\misc\morse\cwbot\morse\doc\Help\Working\Output\icons\privenumeration.gif
C:\Program Files (x86)\Sandcastle\Presentation\vs2005\icons\privevent.gif -&gt; D:\dev\misc\morse\cwbot\morse\doc\Help\Working\Output\icons\privevent.gif
C:\Program Files (x86)\Sandcastle\Presentation\vs2005\icons\privextension.gif -&gt; D:\dev\misc\morse\cwbot\morse\doc\Help\Working\Output\icons\privextension.gif
C:\Program Files (x86)\Sandcastle\Presentation\vs2005\icons\privfield.gif -&gt; D:\dev\misc\morse\cwbot\morse\doc\Help\Working\Output\icons\privfield.gif
C:\Program Files (x86)\Sandcastle\Presentation\vs2005\icons\privinterface.gif -&gt; D:\dev\misc\morse\cwbot\morse\doc\Help\Working\Output\icons\privinterface.gif
C:\Program Files (x86)\Sandcastle\Presentation\vs2005\icons\privmethod.gif -&gt; D:\dev\misc\morse\cwbot\morse\doc\Help\Working\Output\icons\privmethod.gif
C:\Program Files (x86)\Sandcastle\Presentation\vs2005\icons\privproperty.gif -&gt; D:\dev\misc\morse\cwbot\morse\doc\Help\Working\Output\icons\privproperty.gif
C:\Program Files (x86)\Sandcastle\Presentation\vs2005\icons\privstructure.gif -&gt; D:\dev\misc\morse\cwbot\morse\doc\Help\Working\Output\icons\privstructure.gif
C:\Program Files (x86)\Sandcastle\Presentation\vs2005\icons\protclass.gif -&gt; D:\dev\misc\morse\cwbot\morse\doc\Help\Working\Output\icons\protclass.gif
C:\Program Files (x86)\Sandcastle\Presentation\vs2005\icons\protdelegate.gif -&gt; D:\dev\misc\morse\cwbot\morse\doc\Help\Working\Output\icons\protdelegate.gif
C:\Program Files (x86)\Sandcastle\Presentation\vs2005\icons\protenum.gif -&gt; D:\dev\misc\morse\cwbot\morse\doc\Help\Working\Output\icons\protenum.gif
C:\Program Files (x86)\Sandcastle\Presentation\vs2005\icons\protenumeration.gif -&gt; D:\dev\misc\morse\cwbot\morse\doc\Help\Working\Output\icons\protenumeration.gif
C:\Program Files (x86)\Sandcastle\Presentation\vs2005\icons\protevent.gif -&gt; D:\dev\misc\morse\cwbot\morse\doc\Help\Working\Output\icons\protevent.gif
C:\Program Files (x86)\Sandcastle\Presentation\vs2005\icons\protextension.gif -&gt; D:\dev\misc\morse\cwbot\morse\doc\Help\Working\Output\icons\protextension.gif
C:\Program Files (x86)\Sandcastle\Presentation\vs2005\icons\protfield.gif -&gt; D:\dev\misc\morse\cwbot\morse\doc\Help\Working\Output\icons\protfield.gif
C:\Program Files (x86)\Sandcastle\Presentation\vs2005\icons\protinterface.gif -&gt; D:\dev\misc\morse\cwbot\morse\doc\Help\Working\Output\icons\protinterface.gif
C:\Program Files (x86)\Sandcastle\Presentation\vs2005\icons\protmethod.gif -&gt; D:\dev\misc\morse\cwbot\morse\doc\Help\Working\Output\icons\protmethod.gif
C:\Program Files (x86)\Sandcastle\Presentation\vs2005\icons\protoperator.gif -&gt; D:\dev\misc\morse\cwbot\morse\doc\Help\Working\Output\icons\protoperator.gif
C:\Program Files (x86)\Sandcastle\Presentation\vs2005\icons\protproperty.gif -&gt; D:\dev\misc\morse\cwbot\morse\doc\Help\Working\Output\icons\protproperty.gif
C:\Program Files (x86)\Sandcastle\Presentation\vs2005\icons\protstructure.gif -&gt; D:\dev\misc\morse\cwbot\morse\doc\Help\Working\Output\icons\protstructure.gif
C:\Program Files (x86)\Sandcastle\Presentation\vs2005\icons\pubclass.gif -&gt; D:\dev\misc\morse\cwbot\morse\doc\Help\Working\Output\icons\pubclass.gif
C:\Program Files (x86)\Sandcastle\Presentation\vs2005\icons\pubdelegate.gif -&gt; D:\dev\misc\morse\cwbot\morse\doc\Help\Working\Output\icons\pubdelegate.gif
C:\Program Files (x86)\Sandcastle\Presentation\vs2005\icons\pubenum.gif -&gt; D:\dev\misc\morse\cwbot\morse\doc\Help\Working\Output\icons\pubenum.gif
C:\Program Files (x86)\Sandcastle\Presentation\vs2005\icons\pubenumeration.gif -&gt; D:\dev\misc\morse\cwbot\morse\doc\Help\Working\Output\icons\pubenumeration.gif
C:\Program Files (x86)\Sandcastle\Presentation\vs2005\icons\pubevent.gif -&gt; D:\dev\misc\morse\cwbot\morse\doc\Help\Working\Output\icons\pubevent.gif
C:\Program Files (x86)\Sandcastle\Presentation\vs2005\icons\pubextension.gif -&gt; D:\dev\misc\morse\cwbot\morse\doc\Help\Working\Output\icons\pubextension.gif
C:\Program Files (x86)\Sandcastle\Presentation\vs2005\icons\pubfield.gif -&gt; D:\dev\misc\morse\cwbot\morse\doc\Help\Working\Output\icons\pubfield.gif
C:\Program Files (x86)\Sandcastle\Presentation\vs2005\icons\pubinterface.gif -&gt; D:\dev\misc\morse\cwbot\morse\doc\Help\Working\Output\icons\pubinterface.gif
C:\Program Files (x86)\Sandcastle\Presentation\vs2005\icons\pubmethod.gif -&gt; D:\dev\misc\morse\cwbot\morse\doc\Help\Working\Output\icons\pubmethod.gif
C:\Program Files (x86)\Sandcastle\Presentation\vs2005\icons\puboperator.gif -&gt; D:\dev\misc\morse\cwbot\morse\doc\Help\Working\Output\icons\puboperator.gif
C:\Program Files (x86)\Sandcastle\Presentation\vs2005\icons\pubproperty.gif -&gt; D:\dev\misc\morse\cwbot\morse\doc\Help\Working\Output\icons\pubproperty.gif
C:\Program Files (x86)\Sandcastle\Presentation\vs2005\icons\pubstructure.gif -&gt; D:\dev\misc\morse\cwbot\morse\doc\Help\Working\Output\icons\pubstructure.gif
C:\Program Files (x86)\Sandcastle\Presentation\vs2005\icons\requirements1a.gif -&gt; D:\dev\misc\morse\cwbot\morse\doc\Help\Working\Output\icons\requirements1a.gif
C:\Program Files (x86)\Sandcastle\Presentation\vs2005\icons\requirements1c.gif -&gt; D:\dev\misc\morse\cwbot\morse\doc\Help\Working\Output\icons\requirements1c.gif
C:\Program Files (x86)\Sandcastle\Presentation\vs2005\icons\save.gif -&gt; D:\dev\misc\morse\cwbot\morse\doc\Help\Working\Output\icons\save.gif
C:\Program Files (x86)\Sandcastle\Presentation\vs2005\icons\save_hover.gif -&gt; D:\dev\misc\morse\cwbot\morse\doc\Help\Working\Output\icons\save_hover.gif
C:\Program Files (x86)\Sandcastle\Presentation\vs2005\icons\security.gif -&gt; D:\dev\misc\morse\cwbot\morse\doc\Help\Working\Output\icons\security.gif
C:\Program Files (x86)\Sandcastle\Presentation\vs2005\icons\seealso1a.gif -&gt; D:\dev\misc\morse\cwbot\morse\doc\Help\Working\Output\icons\seealso1a.gif
C:\Program Files (x86)\Sandcastle\Presentation\vs2005\icons\seealso1c.gif -&gt; D:\dev\misc\morse\cwbot\morse\doc\Help\Working\Output\icons\seealso1c.gif
C:\Program Files (x86)\Sandcastle\Presentation\vs2005\icons\static.gif -&gt; D:\dev\misc\morse\cwbot\morse\doc\Help\Working\Output\icons\static.gif
C:\Program Files (x86)\Sandcastle\Presentation\vs2005\icons\xna.gif -&gt; D:\dev\misc\morse\cwbot\morse\doc\Help\Working\Output\icons\xna.gif
C:\Program Files (x86)\Sandcastle\Presentation\vs2005\scripts\CheckboxMenu.js -&gt; D:\dev\misc\morse\cwbot\morse\doc\Help\Working\Output\scripts\CheckboxMenu.js
C:\Program Files (x86)\Sandcastle\Presentation\vs2005\scripts\CommonUtilities.js -&gt; D:\dev\misc\morse\cwbot\morse\doc\Help\Working\Output\scripts\CommonUtilities.js
C:\Program Files (x86)\Sandcastle\Presentation\vs2005\scripts\Dropdown.js -&gt; D:\dev\misc\morse\cwbot\morse\doc\Help\Working\Output\scripts\Dropdown.js
C:\Program Files (x86)\Sandcastle\Presentation\vs2005\scripts\EventUtilities.js -&gt; D:\dev\misc\morse\cwbot\morse\doc\Help\Working\Output\scripts\EventUtilities.js
C:\Program Files (x86)\Sandcastle\Presentation\vs2005\scripts\script_feedBack.js -&gt; D:\dev\misc\morse\cwbot\morse\doc\Help\Working\Output\scripts\script_feedBack.js
C:\Program Files (x86)\Sandcastle\Presentation\vs2005\scripts\script_manifold.js -&gt; D:\dev\misc\morse\cwbot\morse\doc\Help\Working\Output\scripts\script_manifold.js
C:\Program Files (x86)\Sandcastle\Presentation\vs2005\scripts\SplitScreen.js -&gt; D:\dev\misc\morse\cwbot\morse\doc\Help\Working\Output\scripts\SplitScreen.js
C:\Program Files (x86)\Sandcastle\Presentation\vs2005\styles\Presentation.css -&gt; D:\dev\misc\morse\cwbot\morse\doc\Help\Working\Output\styles\Presentation.css
C:\Program Files (x86)\Sandcastle\Presentation\vs2005\styles\Whidbey\presentation.css -&gt; D:\dev\misc\morse\cwbot\morse\doc\Help\Working\Output\styles\Whidbey\presentation.css
    Last step completed in 00:00:01.0781
</buildStep>
<buildStep step="CopyAdditionalContent">
Copying additional content files...
No additional content to copy
    Last step completed in 00:00:00.0000
</buildStep>
<buildStep step="MergeTablesOfContents">
Merging conceptual and additional tables of contents...
    Last step completed in 00:00:00.0156
</buildStep>
<buildStep step="CreateBuildAssemblerConfigs">
Creating Sandcastle configuration files...
    sandcastle.config
    Last step completed in 00:00:00.1875
</buildStep>
<buildStep step="MergeCustomConfigs">
Merging custom build component configurations
D:\dev\misc\morse\cwbot\morse\doc\Help\Working\sandcastle.config
    No additional help attributes defined.  The 'MS Help 2 Attributes' component was not added.
    Last step completed in 00:00:00.0781
</buildStep>
<buildStep step="BuildReferenceTopics">
Building reference help topics...
[c:\WINDOWS\Microsoft.NET\Framework64\v3.5\MSBuild.exe]
BuildReferenceTopics:
  BuildAssembler (v2.4.10520.1)
  Copyright c Microsoft 2006
  Info: CopyFromFileComponent: Instantiating component.
  Info: CopyFromFileComponent: Loading data file 'C:\Program Files (x86)\Sandcastle\Presentation\vs2005\Transforms\skeleton.xml'.
  Info: CopyFromIndexComponent: Instantiating component.
  Info: CopyFromIndexComponent: Searching for files that match '*.xml'.
  Info: CopyFromIndexComponent: Searching for files that match 'reflection.xml'.
  Info: CopyFromIndexComponent: Indexed 170104 elements in 107 files.
  Info: CopyFromIndexComponent: Loaded 0 copy components.
  Info: CopyFromIndexComponent: Instantiating component.
  Info: CopyFromIndexComponent: Loaded 0 copy components.
  Info: ForEachComponent: Instantiating component.
  Info: ForEachComponent: Loading subcomponents.
  Info: CopyFromIndexComponent: Instantiating component.
  Info: CopyFromIndexComponent: Loaded 0 copy components.
  Info: ForEachComponent: Loaded 1 subcomponents.
  Info: ForEachComponent: Instantiating component.
  Info: ForEachComponent: Loading subcomponents.
  Info: CopyFromIndexComponent: Instantiating component.
  Info: CopyFromIndexComponent: Loaded 0 copy components.
  Info: ForEachComponent: Loaded 1 subcomponents.
  Info: ForEachComponent: Instantiating component.
  Info: ForEachComponent: Loading subcomponents.
  Info: CopyFromIndexComponent: Instantiating component.
  Info: CopyFromIndexComponent: Loaded 0 copy components.
  Info: ForEachComponent: Loaded 1 subcomponents.
  Info: ForEachComponent: Instantiating component.
  Info: ForEachComponent: Loading subcomponents.
  Info: CopyFromIndexComponent: Instantiating component.
  Info: CopyFromIndexComponent: Loaded 0 copy components.
  Info: ForEachComponent: Loaded 1 subcomponents.
  Info: ForEachComponent: Instantiating component.
  Info: ForEachComponent: Loading subcomponents.
  Info: CopyFromIndexComponent: Instantiating component.
  Info: CopyFromIndexComponent: Loaded 0 copy components.
  Info: ForEachComponent: Loaded 1 subcomponents.
  Info: ForEachComponent: Instantiating component.
  Info: ForEachComponent: Loading subcomponents.
  Info: CopyFromIndexComponent: Instantiating component.
  Info: CopyFromIndexComponent: Loaded 0 copy components.
  Info: ForEachComponent: Loaded 1 subcomponents.
  Info: ForEachComponent: Instantiating component.
  Info: ForEachComponent: Loading subcomponents.
  Info: CopyFromIndexComponent: Instantiating component.
  Info: CopyFromIndexComponent: Loaded 0 copy components.
  Info: ForEachComponent: Loaded 1 subcomponents.
  Info: IfThenComponent: Instantiating component.
  Info: SyntaxComponent: Instantiating component.
  Info: SyntaxComponent: Loaded 3 syntax generators.
  Info: CopyFromIndexComponent: Instantiating component.
  Info: CopyFromIndexComponent: Searching for files that match 'C:\windows\Microsoft.NET\Framework\v2.0.50727\en\*.xml'.
  Info: CopyFromIndexComponent: Searching for files that match 'C:\Program Files\Reference Assemblies\Microsoft\Framework\v3.0\*.xml'.
  Info: CopyFromIndexComponent: Searching for files that match 'C:\Program Files\Reference Assemblies\Microsoft\Framework\v3.5\*.xml'.
  Info: CopyFromIndexComponent: Searching for files that match 'D:\dev\misc\morse\cwbot\morse\doc\Help\Working\DC3.MorseEncode.xml'.
  Info: CopyFromIndexComponent: Indexed 81295 elements in 51 files.
  Info: CopyFromIndexComponent: Loaded 0 copy components.
  Info: ForEachComponent: Instantiating component.
  Info: ForEachComponent: Loading subcomponents.
  Info: IfThenComponent: Instantiating component.
  Info: CopyFromIndexComponent: Instantiating component.
  Info: CopyFromIndexComponent: Loaded 0 copy components.
  Info: CopyFromIndexComponent: Instantiating component.
  Info: CopyFromIndexComponent: Loaded 0 copy components.
  Info: ForEachComponent: Loaded 2 subcomponents.
  Info: CopyFromIndexComponent: Instantiating component.
  Info: CopyFromIndexComponent: Loaded 0 copy components.
  Info: ShowMissingComponent: Instantiating component.
  Info: ShowMissingComponent: 
      [Sandcastle Help File Builder BuildAssembler Components, version 1.8.0.3]
      Show Missing Documentation Component. Copyright c 2006-2010, Eric Woodruff, All Rights Reserved
      http://SHFB.CodePlex.com
  Info: VersionInfoComponent: Instantiating component.
  Info: VersionInfoComponent: 
      [Sandcastle Help File Builder BuildAssembler Components, version 1.8.0.3]
      Version Information Component. Copyright c 2006-2010, Eric Woodruff, All Rights Reserved
      http://SHFB.CodePlex.com
  Info: CodeBlockComponent: Instantiating component.
  Info: CodeBlockComponent: 
      [Sandcastle Help File Builder BuildAssembler Components, version 1.8.0.3]
      Code Block Component. Copyright c 2006-2010, Eric Woodruff, All Rights Reserved.
      Portions copyright (c) 2003, Jonathan de Halleux, All rights reserved.
      http://SHFB.CodePlex.com
  Info: TransformComponent: Instantiating component.
  Info: PostTransformComponent: Instantiating component.
  Info: PostTransformComponent: 
      [Sandcastle Help File Builder BuildAssembler Components, version 1.8.0.3]
      Post-Transform Component. Copyright c 2006-2010, Eric Woodruff, All Rights Reserved
      http://SHFB.CodePlex.com
  Info: SharedContentComponent: Instantiating component.
  Info: SharedContentComponent: Searching for files that match 'C:\Program Files (x86)\Sandcastle\Presentation\vs2005\content\shared_content.xml'.
  Info: SharedContentComponent: Loading shared content file 'C:\Program Files (x86)\Sandcastle\Presentation\vs2005\content\shared_content.xml'.
  Info: SharedContentComponent: Found 1 files in C:\Program Files (x86)\Sandcastle\Presentation\vs2005\content\shared_content.xml.
  Info: SharedContentComponent: Searching for files that match 'C:\Program Files (x86)\Sandcastle\Presentation\vs2005\content\reference_content.xml'.
  Info: SharedContentComponent: Loading shared content file 'C:\Program Files (x86)\Sandcastle\Presentation\vs2005\content\reference_content.xml'.
  Info: SharedContentComponent: Found 1 files in C:\Program Files (x86)\Sandcastle\Presentation\vs2005\content\reference_content.xml.
  Info: SharedContentComponent: Searching for files that match 'C:\Program Files (x86)\Sandcastle\Presentation\shared\content\syntax_content.xml'.
  Info: SharedContentComponent: Loading shared content file 'C:\Program Files (x86)\Sandcastle\Presentation\shared\content\syntax_content.xml'.
  Info: SharedContentComponent: Found 1 files in C:\Program Files (x86)\Sandcastle\Presentation\shared\content\syntax_content.xml.
  Info: SharedContentComponent: Searching for files that match 'C:\Program Files (x86)\Sandcastle\Presentation\vs2005\content\feedback_content.xml'.
  Info: SharedContentComponent: Loading shared content file 'C:\Program Files (x86)\Sandcastle\Presentation\vs2005\content\feedBack_content.xml'.
  Info: SharedContentComponent: Found 1 files in C:\Program Files (x86)\Sandcastle\Presentation\vs2005\content\feedback_content.xml.
  Info: SharedContentComponent: Searching for files that match 'SharedBuilderContent.xml'.
  Info: SharedContentComponent: Loading shared content file 'D:\dev\misc\morse\cwbot\morse\doc\Help\Working\SharedBuilderContent.xml'.
  Info: SharedContentComponent: Overriding shared content item 'roottopictitle' with value in file 'D:\dev\misc\morse\cwbot\morse\doc\Help\Working\SharedBuilderContent.xml'.
  Info: SharedContentComponent: Overriding shared content item 'rootlink' with value in file 'D:\dev\misc\morse\cwbot\morse\doc\Help\Working\SharedBuilderContent.xml'.
  Info: SharedContentComponent: Overriding shared content item 'runningheadertext' with value in file 'D:\dev\misc\morse\cwbot\morse\doc\Help\Working\SharedBuilderContent.xml'.
  Info: SharedContentComponent: Overriding shared content item 'locationinformation' with value in file 'D:\dev\misc\morse\cwbot\morse\doc\Help\Working\SharedBuilderContent.xml'.
  Info: SharedContentComponent: Overriding shared content item 'assemblynameandmodule' with value in file 'D:\dev\misc\morse\cwbot\morse\doc\Help\Working\SharedBuilderContent.xml'.
  Info: SharedContentComponent: Overriding shared content item 'copycode' with value in file 'D:\dev\misc\morse\cwbot\morse\doc\Help\Working\SharedBuilderContent.xml'.
  Info: SharedContentComponent: Overriding shared content item 'locale' with value in file 'D:\dev\misc\morse\cwbot\morse\doc\Help\Working\SharedBuilderContent.xml'.
  Info: SharedContentComponent: Found 1 files in SharedBuilderContent.xml.
  Info: SharedContentComponent: Searching for files that match 'PresentationStyleBuilderContent.xml'.
  Info: SharedContentComponent: Loading shared content file 'D:\dev\misc\morse\cwbot\morse\doc\Help\Working\PresentationStyleBuilderContent.xml'.
  Info: SharedContentComponent: Overriding shared content item 'header' with value in file 'D:\dev\misc\morse\cwbot\morse\doc\Help\Working\PresentationStyleBuilderContent.xml'.
  Info: SharedContentComponent: Overriding shared content item 'footer' with value in file 'D:\dev\misc\morse\cwbot\morse\doc\Help\Working\PresentationStyleBuilderContent.xml'.
  Info: SharedContentComponent: Overriding shared content item 'fb_alias' with value in file 'D:\dev\misc\morse\cwbot\morse\doc\Help\Working\PresentationStyleBuilderContent.xml'.
  Info: SharedContentComponent: Overriding shared content item 'fb_product' with value in file 'D:\dev\misc\morse\cwbot\morse\doc\Help\Working\PresentationStyleBuilderContent.xml'.
  Info: SharedContentComponent: Overriding shared content item 'fb_body' with value in file 'D:\dev\misc\morse\cwbot\morse\doc\Help\Working\PresentationStyleBuilderContent.xml'.
  Info: SharedContentComponent: Overriding shared content item 'fb_send' with value in file 'D:\dev\misc\morse\cwbot\morse\doc\Help\Working\PresentationStyleBuilderContent.xml'.
  Info: SharedContentComponent: Overriding shared content item 'fb_headerfeedback' with value in file 'D:\dev\misc\morse\cwbot\morse\doc\Help\Working\PresentationStyleBuilderContent.xml'.
  Info: SharedContentComponent: Overriding shared content item 'feedback_alias' with value in file 'D:\dev\misc\morse\cwbot\morse\doc\Help\Working\PresentationStyleBuilderContent.xml'.
  Info: SharedContentComponent: Overriding shared content item 'feedback_product' with value in file 'D:\dev\misc\morse\cwbot\morse\doc\Help\Working\PresentationStyleBuilderContent.xml'.
  Info: SharedContentComponent: Overriding shared content item 'feedback_body' with value in file 'D:\dev\misc\morse\cwbot\morse\doc\Help\Working\PresentationStyleBuilderContent.xml'.
  Info: SharedContentComponent: Found 1 files in PresentationStyleBuilderContent.xml.
  Info: SharedContentComponent: Loaded 623 shared content items.
  Info: ResolveReferenceLinksComponent2: Instantiating component.
  Info: ResolveReferenceLinksComponent2: Creating MSDN URL resolver.
  Info: ResolveReferenceLinksComponent2: Searching directory 'C:\Program Files (x86)\Sandcastle\Data\Reflection' for targets files of the form '*.xml'.
  Info: ResolveReferenceLinksComponent2: Searching directory 'D:\dev\misc\morse\cwbot\morse\doc\Help\Working' for targets files of the form 'reflection.xml'.
  Info: ResolveReferenceLinksComponent2: Loaded 170104 reference targets.
  Info: SaveComponent: Instantiating component.
  Info: BuildAssembler: Building topic N:com.dc3.morse
  Info: BuildAssembler: Building topic T:com.dc3.morse.Morse
  Info: BuildAssembler: Building topic AllMembers.T:com.dc3.morse.Morse
  Info: BuildAssembler: Building topic Methods.T:com.dc3.morse.Morse
  Info: BuildAssembler: Building topic Properties.T:com.dc3.morse.Morse
  Info: BuildAssembler: Building topic M:com.dc3.morse.Morse.#ctor
  Info: BuildAssembler: Building topic P:com.dc3.morse.Morse.CharacterWpm
  Info: BuildAssembler: Building topic M:com.dc3.morse.Morse.CwCom(System.String,com.dc3.morse.Morse.SendCode)
  Info: BuildAssembler: Building topic M:com.dc3.morse.Morse.DotDash(System.String)
  Info: BuildAssembler: Building topic M:com.dc3.morse.Morse.MorseMail(System.String)
  Info: BuildAssembler: Building topic P:com.dc3.morse.Morse.TimeBase
  Info: BuildAssembler: Building topic P:com.dc3.morse.Morse.WordWpm
  Info: BuildAssembler: Building topic T:com.dc3.morse.Morse.SendCode
  Info: Processed 13 topics
    Last step completed in 00:00:31.6563
</buildStep>
<buildStep step="GenerateIntermediateTableOfContents">
Generating intermediate table of contents file...
[c:\WINDOWS\Microsoft.NET\Framework64\v3.5\MSBuild.exe]
GenerateIntermediateTOC:
  XslTransform (v2.4.10520.1)
  Copyright c Microsoft 2005-2006
  Info: Applying XSL transformation 'C:\Program Files (x86)\Sandcastle\ProductionTransforms\CreateVSToc.xsl'.
    Last step completed in 00:00:00.7813
</buildStep>
<buildStep step="ExtractingHtmlInfo">
Extracting HTML info for HTML Help 1 and/or website...
[c:\WINDOWS\Microsoft.NET\Framework64\v3.5\MSBuild.exe]
Sandcastle Help File Builder HTML Extract, version 1.8.0.3
Copyright c 2008-2010, Eric Woodruff, All Rights Reserved
E-Mail: Eric@EWoodruff.us

Using LCID '1033', code page '65001', encoding charset 'UTF-8'.
Processed 13 HTML files
Sorting keywords and generating See Also indices
Saving HTML Help 1 keyword index to D:\dev\misc\morse\cwbot\morse\doc\Help\Working\Morse.hhk
Saving HTML Help 1 table of contents to D:\dev\misc\morse\cwbot\morse\doc\Help\Working\Morse.hhc
    Last step completed in 00:00:00.5313
</buildStep>
<buildStep step="GenerateHelpFormatTableOfContents">
Generating HTML Help 1 table of contents file...
    Last step completed in 00:00:00.0156
</buildStep>
<buildStep step="UpdateTableOfContents">
Updating table of contents with additional content items and determining default topic...
    Last step completed in 00:00:00.0000
</buildStep>
<buildStep step="GenerateHelpFileIndex">
Generating HTML Help 1 index file...
    Last step completed in 00:00:00.0000
</buildStep>
<buildStep step="GenerateHelpProject">
Generating HTML Help 1 project file...
    Last step completed in 00:00:00.0156
</buildStep>
<buildStep step="CompilingHelpFile">
Compiling HTML Help 1 file...
[c:\WINDOWS\Microsoft.NET\Framework64\v3.5\MSBuild.exe]
Build1xHelpFile:
  Microsoft HTML Help Compiler 4.74.8702
  
  
  
  Compiling d:\dev\misc\morse\cwbot\morse\doc\Help\Working\Output\Morse.chm
  
  
  
  
  
  Compile time: 0 minutes, 0 seconds
  
  15	Topics
  
  174	Local links
  
  103	Internet links
  
  0	Graphics
  
  
  
  
  
  Created d:\dev\misc\morse\cwbot\morse\doc\Help\Working\Output\Morse.chm, 112,728 bytes
  
  Compression decreased file by 279,840 bytes.
  
    Last step completed in 00:00:01.2031
</buildStep>
<buildStep step="CleanIntermediates">
Removing intermediate files...
    Last step completed in 00:00:00.1563
</buildStep>
<buildStep step="Completed">

Build completed successfully at 03/02/2010 12:23 PM.  Total time: 00:00:42.7500

</buildStep>
</shfbBuild>
